  1.1.cpp
D:\编程\堆栈和字符串\1.1.cpp(44,2): error C3861: “gets”: 找不到标识符
  1.2.cpp
D:\编程\堆栈和字符串\1.2.cpp(41,2): error C3861: “gets”: 找不到标识符
  1.3.cpp
D:\编程\堆栈和字符串\1.3.cpp(42,5): error C3861: “gets”: 找不到标识符
  2.1.cpp
D:\编程\堆栈和字符串\2.1.cpp(177,26): warning C4244: “return”: 从“float”转换到“int”，可能丢失数据
D:\编程\堆栈和字符串\2.1.cpp(185,2): error C3861: “gets”: 找不到标识符
D:\编程\堆栈和字符串\2.1.cpp(187,9): warning C4244: “初始化”: 从“int”转换到“float”，可能丢失数据
  2.2.cpp
D:\编程\堆栈和字符串\2.2.cpp(133,10): warning C4244: “=”: 从“int”转换到“float”，可能丢失数据
D:\编程\堆栈和字符串\2.2.cpp(171,23): warning C4244: “return”: 从“float”转换到“int”，可能丢失数据
D:\编程\堆栈和字符串\2.2.cpp(180,2): error C3861: “gets”: 找不到标识符
D:\编程\堆栈和字符串\2.2.cpp(182,9): warning C4244: “初始化”: 从“int”转换到“float”，可能丢失数据
  4.1.cpp
D:\编程\堆栈和字符串\4.1.cpp(53,2): error C3861: “gets”: 找不到标识符
D:\编程\堆栈和字符串\4.1.cpp(54,2): error C3861: “gets”: 找不到标识符
D:\编程\堆栈和字符串\4.1.cpp(58,18): error C2131: 表达式的计算结果不是常数
D:\编程\堆栈和字符串\4.1.cpp(58,11): message : 因读取超过生命周期的变量而失败
D:\编程\堆栈和字符串\4.1.cpp(58,11): message : 请参见“lengtht”的用法
D:\编程\堆栈和字符串\4.1.cpp(61,13): warning C4477: “printf”: 格式字符串“%d”需要类型“int”的参数，但可变参数 1 拥有了类型“int [lengtht+1]”
  作业1，括号匹配.cpp
D:\编程\堆栈和字符串\作业1，括号匹配.cpp(60,2): error C3861: “gets”: 找不到标识符
  作业3，寻找字符串中特定项并插入s1,s2,k.cpp
D:\编程\堆栈和字符串\作业3，寻找字符串中特定项并插入s1,s2,k.cpp(10,2): error C3861: “gets”: 找不到标识符
D:\编程\堆栈和字符串\作业3，寻找字符串中特定项并插入s1,s2,k.cpp(11,2): error C3861: “gets”: 找不到标识符
D:\编程\堆栈和字符串\作业3，寻找字符串中特定项并插入s1,s2,k.cpp(12,2): warning C4996: 'scanf': This function or variable may be unsafe. Consider using scanf_s instead. To disable deprecation, use _CRT_SECURE_NO_WARNINGS. See online help for details.
D:\编程\堆栈和字符串\作业3，寻找字符串中特定项并插入s1,s2,k.cpp(26,3): warning C4996: 'strcat': This function or variable may be unsafe. Consider using strcat_s instead. To disable deprecation, use _CRT_SECURE_NO_WARNINGS. See online help for details.
D:\编程\堆栈和字符串\作业3，寻找字符串中特定项并插入s1,s2,k.cpp(37,2): warning C4996: 'strcat': This function or variable may be unsafe. Consider using strcat_s instead. To disable deprecation, use _CRT_SECURE_NO_WARNINGS. See online help for details.
D:\编程\堆栈和字符串\作业3，寻找字符串中特定项并插入s1,s2,k.cpp(38,2): warning C4996: 'strcat': This function or variable may be unsafe. Consider using strcat_s instead. To disable deprecation, use _CRT_SECURE_NO_WARNINGS. See online help for details.
  作业4，kmp算法.cpp
D:\编程\堆栈和字符串\作业4，kmp算法.cpp(34,18): error C2131: 表达式的计算结果不是常数
D:\编程\堆栈和字符串\作业4，kmp算法.cpp(34,11): message : 因读取超过生命周期的变量而失败
D:\编程\堆栈和字符串\作业4，kmp算法.cpp(34,11): message : 请参见“lengtht”的用法
D:\编程\堆栈和字符串\作业4，kmp算法.cpp(63,12): error C2131: 表达式的计算结果不是常数
D:\编程\堆栈和字符串\作业4，kmp算法.cpp(63,11): message : 因读取超过生命周期的变量而失败
D:\编程\堆栈和字符串\作业4，kmp算法.cpp(63,11): message : 请参见“n”的用法
D:\编程\堆栈和字符串\作业4，kmp算法.cpp(67,10): warning C4477: “printf”: 格式字符串“%d”需要类型“int”的参数，但可变参数 1 拥有了类型“int [n+1]”
D:\编程\堆栈和字符串\作业4，kmp算法.cpp(59,2): warning C4996: 'scanf': This function or variable may be unsafe. Consider using scanf_s instead. To disable deprecation, use _CRT_SECURE_NO_WARNINGS. See online help for details.
D:\编程\堆栈和字符串\作业4，kmp算法.cpp(61,2): warning C4996: 'scanf': This function or variable may be unsafe. Consider using scanf_s instead. To disable deprecation, use _CRT_SECURE_NO_WARNINGS. See online help for details.
  草稿.cpp
D:\编程\堆栈和字符串\草稿.cpp(7,2): error C3861: “gets”: 找不到标识符
  正在生成代码...
